# JRE version: Java(TM) SE Runtime Environment (24.0.1+9) (build 24.0.1+9-30)
# Java VM: Java HotSpot(TM) 64-Bit Server VM (24.0.1+9-30, mixed mode, sharing, tiered, compressed oops, compressed class ptrs, g1 gc, windows-amd64)
GC Precious Log:
 CardTable entry size: 512
 Card Set container configuration: InlinePtr #cards 4 size 8 Array Of Cards #cards 64 size 144 Howl #buckets 8 coarsen threshold 14745 Howl Bitmap #cards 2048 size 272 coarsen threshold 1843 Card regions per heap region 1 cards per card region 16384
 CPUs: 16 total, 16 available
 Memory: 63033M
 Large Page Support: Disabled
 NUMA Support: Disabled
 Compressed Oops: Enabled (Zero based)
 Heap Region Size: 8M
 Heap Min Capacity: 8M
 Heap Initial Capacity: 992M
 Heap Max Capacity: 15760M
 Pre-touch: Disabled
 Parallel Workers: 13
 Concurrent Workers: 3
 Concurrent Refinement Workers: 13
 Periodic GC: Disabled
Heap:
 garbage-first heap   total reserved 16138240K, committed 32768K, used 8714K [0x0000000427000000, 0x0000000800000000)
  region size 8192K, 2 young (16384K), 1 survivors (8192K)
 Metaspace       used 35375K, committed 35968K, reserved 1114112K
  class space    used 3118K, committed 3328K, reserved 1048576K
GC Heap History (20 events):
Event: 34.010 GC heap before
{Heap before GC invocations=10 (full 1):
 garbage-first heap   total reserved 16138240K, committed 32768K, used 16187K [0x0000000427000000, 0x0000000800000000)
  region size 8192K, 2 young (16384K), 1 survivors (8192K)
 Metaspace       used 34394K, committed 34944K, reserved 1114112K
  class space    used 3040K, committed 3264K, reserved 1048576K
}
Event: 34.010 GC heap after
{Heap after GC invocations=11 (full 1):
 garbage-first heap   total reserved 16138240K, committed 32768K, used 8125K [0x0000000427000000, 0x0000000800000000)
  region size 8192K, 1 young (8192K), 1 survivors (8192K)
 Metaspace       used 34394K, committed 34944K, reserved 1114112K
  class space    used 3040K, committed 3264K, reserved 1048576K
}
Event: 35.367 GC heap before
{Heap before GC invocations=11 (full 1):
 garbage-first heap   total reserved 16138240K, committed 32768K, used 16317K [0x0000000427000000, 0x0000000800000000)
  region size 8192K, 2 young (16384K), 1 survivors (8192K)
 Metaspace       used 34434K, committed 35008K, reserved 1114112K
  class space    used 3045K, committed 3264K, reserved 1048576K
}
Event: 35.368 GC heap after
{Heap after GC invocations=12 (full 1):
 garbage-first heap   total reserved 16138240K, committed 32768K, used 8187K [0x0000000427000000, 0x0000000800000000)
  region size 8192K, 1 young (8192K), 1 survivors (8192K)
 Metaspace       used 34434K, committed 35008K, reserved 1114112K
  class space    used 3045K, committed 3264K, reserved 1048576K
}
Event: 36.116 GC heap before
{Heap before GC invocations=12 (full 1):
 garbage-first heap   total reserved 16138240K, committed 32768K, used 16379K [0x0000000427000000, 0x0000000800000000)
  region size 8192K, 2 young (16384K), 1 survivors (8192K)
 Metaspace       used 34773K, committed 35328K, reserved 1114112K
  class space    used 3061K, committed 3264K, reserved 1048576K
}
Event: 36.117 GC heap after
{Heap after GC invocations=13 (full 1):
 garbage-first heap   total reserved 16138240K, committed 32768K, used 8412K [0x0000000427000000, 0x0000000800000000)
  region size 8192K, 1 young (8192K), 1 survivors (8192K)
 Metaspace       used 34773K, committed 35328K, reserved 1114112K
  class space    used 3061K, committed 3264K, reserved 1048576K
}
Event: 40.797 GC heap before
{Heap before GC invocations=13 (full 1):
 garbage-first heap   total reserved 16138240K, committed 32768K, used 16604K [0x0000000427000000, 0x0000000800000000)
  region size 8192K, 2 young (16384K), 1 survivors (8192K)
 Metaspace       used 34773K, committed 35328K, reserved 1114112K
  class space    used 3061K, committed 3264K, reserved 1048576K
}
Event: 40.797 GC heap after
{Heap after GC invocations=14 (full 1):
 garbage-first heap   total reserved 16138240K, committed 32768K, used 8424K [0x0000000427000000, 0x0000000800000000)
  region size 8192K, 1 young (8192K), 1 survivors (8192K)
 Metaspace       used 34773K, committed 35328K, reserved 1114112K
  class space    used 3061K, committed 3264K, reserved 1048576K
}
Event: 42.480 GC heap before
{Heap before GC invocations=14 (full 1):
 garbage-first heap   total reserved 16138240K, committed 32768K, used 16616K [0x0000000427000000, 0x0000000800000000)
  region size 8192K, 2 young (16384K), 1 survivors (8192K)
 Metaspace       used 34789K, committed 35328K, reserved 1114112K
  class space    used 3061K, committed 3264K, reserved 1048576K
}
Event: 42.481 GC heap after
{Heap after GC invocations=15 (full 1):
 garbage-first heap   total reserved 16138240K, committed 32768K, used 8526K [0x0000000427000000, 0x0000000800000000)
  region size 8192K, 1 young (8192K), 1 survivors (8192K)
 Metaspace       used 34789K, committed 35328K, reserved 1114112K
  class space    used 3061K, committed 3264K, reserved 1048576K
}
Event: 44.004 GC heap before
{Heap before GC invocations=15 (full 1):
 garbage-first heap   total reserved 16138240K, committed 32768K, used 16718K [0x0000000427000000, 0x0000000800000000)
  region size 8192K, 2 young (16384K), 1 survivors (8192K)
 Metaspace       used 34805K, committed 35328K, reserved 1114112K
  class space    used 3061K, committed 3264K, reserved 1048576K
}
Event: 44.005 GC heap after
{Heap after GC invocations=16 (full 1):
 garbage-first heap   total reserved 16138240K, committed 32768K, used 8547K [0x0000000427000000, 0x0000000800000000)
  region size 8192K, 1 young (8192K), 1 survivors (8192K)
 Metaspace       used 34805K, committed 35328K, reserved 1114112K
  class space    used 3061K, committed 3264K, reserved 1048576K
}
Event: 44.498 GC heap before
{Heap before GC invocations=16 (full 1):
 garbage-first heap   total reserved 16138240K, committed 32768K, used 16739K [0x0000000427000000, 0x0000000800000000)
  region size 8192K, 2 young (16384K), 1 survivors (8192K)
 Metaspace       used 35262K, committed 35776K, reserved 1114112K
  class space    used 3107K, committed 3328K, reserved 1048576K
}
Event: 44.498 GC heap after
{Heap after GC invocations=17 (full 1):
 garbage-first heap   total reserved 16138240K, committed 32768K, used 8614K [0x0000000427000000, 0x0000000800000000)
  region size 8192K, 1 young (8192K), 1 survivors (8192K)
 Metaspace       used 35262K, committed 35776K, reserved 1114112K
  class space    used 3107K, committed 3328K, reserved 1048576K
}
Event: 45.816 GC heap before
{Heap before GC invocations=17 (full 1):
 garbage-first heap   total reserved 16138240K, committed 32768K, used 16806K [0x0000000427000000, 0x0000000800000000)
  region size 8192K, 2 young (16384K), 1 survivors (8192K)
 Metaspace       used 35263K, committed 35776K, reserved 1114112K
  class space    used 3107K, committed 3328K, reserved 1048576K
}
Event: 45.817 GC heap after
{Heap after GC invocations=18 (full 1):
 garbage-first heap   total reserved 16138240K, committed 32768K, used 8659K [0x0000000427000000, 0x0000000800000000)
  region size 8192K, 1 young (8192K), 1 survivors (8192K)
 Metaspace       used 35263K, committed 35776K, reserved 1114112K
  class space    used 3107K, committed 3328K, reserved 1048576K
}
Event: 46.753 GC heap before
{Heap before GC invocations=18 (full 1):
 garbage-first heap   total reserved 16138240K, committed 32768K, used 16851K [0x0000000427000000, 0x0000000800000000)
  region size 8192K, 2 young (16384K), 1 survivors (8192K)
 Metaspace       used 35264K, committed 35776K, reserved 1114112K
  class space    used 3107K, committed 3328K, reserved 1048576K
}
Event: 46.754 GC heap after
{Heap after GC invocations=19 (full 1):
 garbage-first heap   total reserved 16138240K, committed 32768K, used 8662K [0x0000000427000000, 0x0000000800000000)
  region size 8192K, 1 young (8192K), 1 survivors (8192K)
 Metaspace       used 35264K, committed 35776K, reserved 1114112K
  class space    used 3107K, committed 3328K, reserved 1048576K
}
Event: 47.353 GC heap before
{Heap before GC invocations=19 (full 1):
 garbage-first heap   total reserved 16138240K, committed 32768K, used 16854K [0x0000000427000000, 0x0000000800000000)
  region size 8192K, 2 young (16384K), 1 survivors (8192K)
 Metaspace       used 35303K, committed 35840K, reserved 1114112K
  class space    used 3107K, committed 3328K, reserved 1048576K
}
Event: 47.354 GC heap after
{Heap after GC invocations=20 (full 1):
 garbage-first heap   total reserved 16138240K, committed 32768K, used 8714K [0x0000000427000000, 0x0000000800000000)
  region size 8192K, 1 young (8192K), 1 survivors (8192K)
 Metaspace       used 35303K, committed 35840K, reserved 1114112K
  class space    used 3107K, committed 3328K, reserved 1048576K
}

